生成启动时间为 2020/9/1 15:55:00。
     1>项目“E:\svn_shareFile\czBaseLib\czAPIDemo\publish\czAPIDemo Ver1.77.11_win\czAPICPlusplusDemo\czAPIDemo\czAPIDemo.vcxproj”在节点 2 上(build 个目标)。
     1>InitializeBuildStatus:
         正在创建“Debug\czAPIDemo.unsuccessfulbuild”，因为已指定“AlwaysCreate”。
       ClCompile:
         C:\Program Files (x86)\Microsoft Visual Studio 10.0\VC\bin\CL.exe /c /ZI /nologo /W3 /WX- /Od /Oy- /D WIN32 /D _DEBUG /D _CONSOLE /D _UNICODE /D UNICODE /Gm /EHsc /RTC1 /MDd /GS /fp:precise /Zc:wchar_t /Zc:forScope /Yc"StdAfx.h" /Fp"Debug\czAPIDemo.pch" /Fo"Debug\\" /Fd"Debug\vc100.pdb" /Gd /TP /analyze- /errorReport:prompt stdafx.cpp
         stdafx.cpp
         C:\Program Files (x86)\Microsoft Visual Studio 10.0\VC\bin\CL.exe /c /ZI /nologo /W3 /WX- /Od /Oy- /D WIN32 /D _DEBUG /D _CONSOLE /D _UNICODE /D UNICODE /Gm /EHsc /RTC1 /MDd /GS /fp:precise /Zc:wchar_t /Zc:forScope /Yu"StdAfx.h" /Fp"Debug\czAPIDemo.pch" /Fo"Debug\\" /Fd"Debug\vc100.pdb" /Gd /TP /analyze- /errorReport:prompt czAPIDemo.cpp
         czAPIDemo.cpp
     1>e:\svn_sharefile\czbaselib\czapidemo\publish\czapidemo ver1.77.11_win\czapicplusplusdemo\czapidemo\czapi\include\czstructsdefine.h(107): warning C4005: “MAX_PATH”: 宏重定义
                 c:\program files (x86)\microsoft sdks\windows\v7.0a\include\windef.h(57) : 参见“MAX_PATH”的前一个定义
     1>e:\svn_sharefile\czbaselib\czapidemo\publish\czapidemo ver1.77.11_win\czapicplusplusdemo\czapidemo\czapi\include\czerrorcode.h : warning C4819: 该文件包含不能在当前代码页(936)中表示的字符。请将该文件保存为 Unicode 格式以防止数据丢失
     1>e:\svn_sharefile\czbaselib\czapidemo\publish\czapidemo ver1.77.11_win\czapicplusplusdemo\czapidemo\czapidemo.cpp(78): warning C4309: “=”: 截断常量值
     1>e:\svn_sharefile\czbaselib\czapidemo\publish\czapidemo ver1.77.11_win\czapicplusplusdemo\czapidemo\czapidemo.cpp(82): warning C4309: “=”: 截断常量值
     1>e:\svn_sharefile\czbaselib\czapidemo\publish\czapidemo ver1.77.11_win\czapicplusplusdemo\czapidemo\czapidemo.cpp(86): warning C4309: “=”: 截断常量值
     1>e:\svn_sharefile\czbaselib\czapidemo\publish\czapidemo ver1.77.11_win\czapicplusplusdemo\czapidemo\czapidemo.cpp(92): warning C4309: “=”: 截断常量值
     1>e:\svn_sharefile\czbaselib\czapidemo\publish\czapidemo ver1.77.11_win\czapicplusplusdemo\czapidemo\czapidemo.cpp(93): warning C4309: “=”: 截断常量值
     1>e:\svn_sharefile\czbaselib\czapidemo\publish\czapidemo ver1.77.11_win\czapicplusplusdemo\czapidemo\czapidemo.cpp(248): warning C4101: “nResult”: 未引用的局部变量
     1>e:\svn_sharefile\czbaselib\czapidemo\publish\czapidemo ver1.77.11_win\czapicplusplusdemo\czapidemo\czapidemo.cpp(429): warning C4996: 'fopen': This function or variable may be unsafe. Consider using fopen_s instead. To disable deprecation, use _CRT_SECURE_NO_WARNINGS. See online help for details.
                 c:\program files (x86)\microsoft visual studio 10.0\vc\include\stdio.h(234) : 参见“fopen”的声明
     1>e:\svn_sharefile\czbaselib\czapidemo\publish\czapidemo ver1.77.11_win\czapicplusplusdemo\czapidemo\czapidemo.cpp(520): warning C4018: “<”: 有符号/无符号不匹配
     1>e:\svn_sharefile\czbaselib\czapidemo\publish\czapidemo ver1.77.11_win\czapicplusplusdemo\czapidemo\czapidemo.cpp(552): warning C4101: “fp”: 未引用的局部变量
     1>e:\svn_sharefile\czbaselib\czapidemo\publish\czapidemo ver1.77.11_win\czapicplusplusdemo\czapidemo\czapidemo.cpp(921): warning C4101: “fp”: 未引用的局部变量
       ManifestResourceCompile:
         C:\Program Files (x86)\Microsoft SDKs\Windows\v7.0A\bin\rc.exe /nologo /fo"Debug\czAPIDemo.exe.embed.manifest.res" Debug\czAPIDemo_manifest.rc 
       Link:
         C:\Program Files (x86)\Microsoft Visual Studio 10.0\VC\bin\link.exe /ERRORREPORT:PROMPT /OUT:"E:\svn_shareFile\czBaseLib\czAPIDemo\publish\czAPIDemo Ver1.77.11_win\czAPICPlusplusDemo\Debug\czAPIDemo.exe" /INCREMENTAL /NOLOGO "E:\svn_shareFile\czBaseLib\czAPIDemo\publish\czAPIDemo Ver1.77.11_win\czAPICPlusplusDemo\Debug\czJetFileII.lib" "E:\svn_shareFile\czBaseLib\czAPIDemo\publish\czAPIDemo Ver1.77.11_win\czAPICPlusplusDemo\Debug\czEncodingConvert.lib" /MANIFEST /ManifestFile:"Debug\czAPIDemo.exe.intermediate.manifest" /MANIFESTUAC:"level='asInvoker' uiAccess='false'" /DEBUG /PDB:"E:\svn_shareFile\czBaseLib\czAPIDemo\publish\czAPIDemo Ver1.77.11_win\czAPICPlusplusDemo\Debug\czAPIDemo.pdb" /SUBSYSTEM:CONSOLE /TLBID:1 /DYNAMICBASE /NXCOMPAT /IMPLIB:"E:\svn_shareFile\czBaseLib\czAPIDemo\publish\czAPIDemo Ver1.77.11_win\czAPICPlusplusDemo\Debug\czAPIDemo.lib" /MACHINE:X86 Debug\czAPIDemo.exe.embed.manifest.res
         Debug\czAPIDemo.obj
         Debug\stdafx.obj
       Manifest:
         C:\Program Files (x86)\Microsoft SDKs\Windows\v7.0A\bin\mt.exe /nologo /verbose /out:"Debug\czAPIDemo.exe.embed.manifest" /manifest Debug\czAPIDemo.exe.intermediate.manifest
         所有输出均为最新。
       LinkEmbedManifest:
         所有输出均为最新。
         czAPIDemo.vcxproj -> E:\svn_shareFile\czBaseLib\czAPIDemo\publish\czAPIDemo Ver1.77.11_win\czAPICPlusplusDemo\Debug\czAPIDemo.exe
       FinalizeBuildStatus:
         正在删除文件“Debug\czAPIDemo.unsuccessfulbuild”。
         正在对“Debug\czAPIDemo.lastbuildstate”执行 Touch 任务。
     1>已完成生成项目“E:\svn_shareFile\czBaseLib\czAPIDemo\publish\czAPIDemo Ver1.77.11_win\czAPICPlusplusDemo\czAPIDemo\czAPIDemo.vcxproj”(build 个目标)的操作。

生成成功。

已用时间 00:00:02.36
