E:\svn_shareFile\czBaseLib\czAPIDemo\czAPIDemo_Source\czAPICPlusplusDemo\czAPIDemo\Debug\cl.command.1.tlog
E:\svn_shareFile\czBaseLib\czAPIDemo\czAPIDemo_Source\czAPICPlusplusDemo\czAPIDemo\Debug\CL.read.1.tlog
E:\svn_shareFile\czBaseLib\czAPIDemo\czAPIDemo_Source\czAPICPlusplusDemo\czAPIDemo\Debug\CL.write.1.tlog
E:\SVN_SHAREFILE\CZBASELIB\CZAPIDEMO\CZAPIDEMO_SOURCE\CZAPICPLUSPLUSDEMO\CZAPIDEMO\DEBUG\CZAPIDEMO.EXE.EMBED.MANIFEST
E:\SVN_SHAREFILE\CZBASELIB\CZAPIDEMO\CZAPIDEMO_SOURCE\CZAPICPLUSPLUSDEMO\CZAPIDEMO\DEBUG\CZAPIDEMO.EXE.EMBED.MANIFEST.RES
E:\SVN_SHAREFILE\CZBASELIB\CZAPIDEMO\CZAPIDEMO_SOURCE\CZAPICPLUSPLUSDEMO\CZAPIDEMO\DEBUG\CZAPIDEMO.EXE.INTERMEDIATE.MANIFEST
E:\SVN_SHAREFILE\CZBASELIB\CZAPIDEMO\CZAPIDEMO_SOURCE\CZAPICPLUSPLUSDEMO\CZAPIDEMO\DEBUG\CZAPIDEMO.OBJ
E:\SVN_SHAREFILE\CZBASELIB\CZAPIDEMO\CZAPIDEMO_SOURCE\CZAPICPLUSPLUSDEMO\CZAPIDEMO\DEBUG\CZAPIDEMO.PCH
E:\svn_shareFile\czBaseLib\czAPIDemo\czAPIDemo_Source\czAPICPlusplusDemo\czAPIDemo\Debug\czAPIDemo.vcxprojResolveAssemblyReference.cache
E:\svn_shareFile\czBaseLib\czAPIDemo\czAPIDemo_Source\czAPICPlusplusDemo\czAPIDemo\Debug\czAPIDemo.write.1.tlog
E:\svn_shareFile\czBaseLib\czAPIDemo\czAPIDemo_Source\czAPICPlusplusDemo\czAPIDemo\Debug\czAPIDemo_manifest.rc
E:\svn_shareFile\czBaseLib\czAPIDemo\czAPIDemo_Source\czAPICPlusplusDemo\czAPIDemo\Debug\link.19676.read.1.tlog
E:\svn_shareFile\czBaseLib\czAPIDemo\czAPIDemo_Source\czAPICPlusplusDemo\czAPIDemo\Debug\link.19676.write.1.tlog
E:\svn_shareFile\czBaseLib\czAPIDemo\czAPIDemo_Source\czAPICPlusplusDemo\czAPIDemo\Debug\link.19676-cvtres.read.1.tlog
E:\svn_shareFile\czBaseLib\czAPIDemo\czAPIDemo_Source\czAPICPlusplusDemo\czAPIDemo\Debug\link.19676-cvtres.write.1.tlog
E:\svn_shareFile\czBaseLib\czAPIDemo\czAPIDemo_Source\czAPICPlusplusDemo\czAPIDemo\Debug\link.command.1.tlog
E:\svn_shareFile\czBaseLib\czAPIDemo\czAPIDemo_Source\czAPICPlusplusDemo\czAPIDemo\Debug\link.read.1.tlog
E:\svn_shareFile\czBaseLib\czAPIDemo\czAPIDemo_Source\czAPICPlusplusDemo\czAPIDemo\Debug\link.write.1.tlog
E:\svn_shareFile\czBaseLib\czAPIDemo\czAPIDemo_Source\czAPICPlusplusDemo\czAPIDemo\Debug\link-cvtres.read.1.tlog
E:\svn_shareFile\czBaseLib\czAPIDemo\czAPIDemo_Source\czAPICPlusplusDemo\czAPIDemo\Debug\link-cvtres.write.1.tlog
E:\svn_shareFile\czBaseLib\czAPIDemo\czAPIDemo_Source\czAPICPlusplusDemo\czAPIDemo\Debug\mt.command.1.tlog
E:\svn_shareFile\czBaseLib\czAPIDemo\czAPIDemo_Source\czAPICPlusplusDemo\czAPIDemo\Debug\mt.read.1.tlog
E:\svn_shareFile\czBaseLib\czAPIDemo\czAPIDemo_Source\czAPICPlusplusDemo\czAPIDemo\Debug\mt.write.1.tlog
E:\svn_shareFile\czBaseLib\czAPIDemo\czAPIDemo_Source\czAPICPlusplusDemo\czAPIDemo\Debug\rc.command.1.tlog
E:\svn_shareFile\czBaseLib\czAPIDemo\czAPIDemo_Source\czAPICPlusplusDemo\czAPIDemo\Debug\rc.read.1.tlog
E:\svn_shareFile\czBaseLib\czAPIDemo\czAPIDemo_Source\czAPICPlusplusDemo\czAPIDemo\Debug\rc.write.1.tlog
E:\SVN_SHAREFILE\CZBASELIB\CZAPIDEMO\CZAPIDEMO_SOURCE\CZAPICPLUSPLUSDEMO\CZAPIDEMO\DEBUG\STDAFX.OBJ
E:\svn_shareFile\czBaseLib\czAPIDemo\czAPIDemo_Source\czAPICPlusplusDemo\czAPIDemo\Debug\vc100.idb
E:\SVN_SHAREFILE\CZBASELIB\CZAPIDEMO\CZAPIDEMO_SOURCE\CZAPICPLUSPLUSDEMO\CZAPIDEMO\DEBUG\VC100.PDB
E:\SVN_SHAREFILE\CZBASELIB\CZAPIDEMO\CZAPIDEMO_SOURCE\CZAPICPLUSPLUSDEMO\DEBUG\CZAPIDEMO.EXE
E:\SVN_SHAREFILE\CZBASELIB\CZAPIDEMO\CZAPIDEMO_SOURCE\CZAPICPLUSPLUSDEMO\DEBUG\CZAPIDEMO.ILK
E:\SVN_SHAREFILE\CZBASELIB\CZAPIDEMO\CZAPIDEMO_SOURCE\CZAPICPLUSPLUSDEMO\DEBUG\CZAPIDEMO.PDB
